This file contains any messages produced by compilers while
running configure, to aid debugging if configure makes a mistake.

configure:529: checking for gcc
configure:642: checking whether the C compiler (gcc  ) works
configure:658: gcc -o conftest    conftest.c  1>&5
configure:655:1: warning: return type defaults to 'int' [-Wimplicit-int]
 main(){return(0);}
 ^
configure:684: checking whether the C compiler (gcc  ) is a cross-compiler
configure:689: checking whether we are using GNU C
configure:717: checking whether gcc accepts -g
configure:749: checking for working const
configure:824: checking how to run the C preprocessor
configure:904: checking whether sys/types.h defines makedev
configure:1014: checking for dirent.h that defines DIR
configure:1052: checking for opendir in -ldir
configure:1143: checking for memmove
configure:1143: checking for sbrk
configure:1143: checking for strdup
configure:1199: checking for sys/mkdev.h
configure:1199: checking for sys/sysmacros.h
configure:1199: checking for malloc.h
configure:1199: checking for termios.h
configure:1199: checking for sys/types.h
configure:1239: checking for unistd.h
configure:1239: checking for string.h
configure:1239: checking for strings.h
configure:1239: checking for stdlib.h
configure:1239: checking for sys/stat.h
configure:1239: checking for sys/fcntl.h
configure:1279: checking for flock.h
configure:1289: gcc -E  conftest.c >/dev/null 2>conftest.out
configure:1285:19: fatal error: flock.h: No such file or directory
compilation terminated.
configure: failed program was:
#line 1284 "configure"
#include "confdefs.h"
#include <flock.h>
configure:1346: checking for a BSD compatible install
configure:1401: checking for ranlib
